[19:12:05] [Server thread/INFO]: Starting minecraft server version 1.7.2
[19:12:11] [Server thread/INFO]: Loading properties
[19:12:11] [Server thread/WARN]: server.properties does not exist
[19:12:11] [Server thread/INFO]: Generating new properties file
[19:12:11] [Server thread/INFO]: Default game type: SURVIVAL
[19:12:11] [Server thread/INFO]: Generating keypair
[19:12:12] [Server thread/INFO]: Starting Minecraft server on *:25565
[19:12:12] [Server thread/WARN]: Failed to load operators list: java.io.FileNotFoundException: .\ops.txt (The system cannot find the file specified)
[19:12:12] [Server thread/WARN]: Failed to load white-list: java.io.FileNotFoundException: .\white-list.txt (The system cannot find the file specified)
[19:12:12] [Server thread/INFO]: Preparing level "world"
[19:12:13] [Server thread/INFO]: Preparing start region for level 0
[19:12:14] [Server thread/INFO]: Preparing spawn area: 7%
[19:12:15] [Server thread/INFO]: Preparing spawn area: 16%
[19:12:16] [Server thread/INFO]: Preparing spawn area: 26%
[19:12:17] [Server thread/INFO]: Preparing spawn area: 38%
[19:12:18] [Server thread/INFO]: Preparing spawn area: 47%
[19:12:19] [Server thread/INFO]: Preparing spawn area: 56%
[19:12:20] [Server thread/INFO]: Preparing spawn area: 65%
[19:12:21] [Server thread/INFO]: Preparing spawn area: 74%
[19:12:22] [Server thread/INFO]: Preparing spawn area: 84%
[19:12:23] [Server thread/INFO]: Preparing spawn area: 94%
[19:12:23] [Server thread/INFO]: Done (11,394s)! For help, type "help" or "?"
[19:12:27] [Server thread/INFO]: Stopping the server
[19:12:27] [Server thread/INFO]: Stopping server
[19:12:27] [Server thread/INFO]: Saving players
[19:12:27] [Server thread/INFO]: Saving worlds
[19:12:27] [Server thread/INFO]: Saving chunks for level 'world'/Overworld
[19:12:30] [Server thread/INFO]: Saving chunks for level 'world'/Nether
[19:12:30] [Server thread/INFO]: Saving chunks for level 'world'/The End
